<?xml version="1.0" encoding="UTF-8"?>
<testng-results ignored="0" total="1" passed="1" failed="0" skipped="0">
  <reporter-output>
  </reporter-output>
  <suite started-at="2024-07-17T14:40:28Z" name="Suite" finished-at="2024-07-17T14:40:29Z" duration-ms="59">
    <groups>
    </groups>
    <test started-at="2024-07-17T14:40:28Z" name="Test" finished-at="2024-07-17T14:40:29Z" duration-ms="59">
      <class name="lambdaDemo.LaunchBrowser">
        <test-method signature="myTest()[pri:0, instance:lambdaDemo.LaunchBrowser@5717c37]" started-at="2024-07-17T14:40:28Z" name="myTest" finished-at="2024-07-17T14:40:28Z" duration-ms="18" status="PASS">
          <reporter-output>
          </reporter-output>
        </test-method> <!-- myTest -->
      </class> <!-- lambdaDemo.LaunchBrowser -->
    </test> <!-- Test -->
  </suite> <!-- Suite -->
</testng-results>
